CPLUS_INCLUDE_PATH=/opt/exp_soft/local/generic/openmpi/4.0.0_gcc620/include:/opt/exp_soft/local/generic/hdf5/1.10.4_openmpi-4.0.0_gcc620/include:/opt/exp_soft/local/generic/python/3.7.3/include/python3.7m
SLURM_CHECKPOINT_IMAGE_DIR=/var/slurm/checkpoint
SLURM_NODELIST=e0345
SLURM_JOB_NAME=PC_CI_HQ_SD_suppress_campaign3_1_repeat_eagle_vecma_28_Run_463.sh
MANPATH=/opt/exp_soft/local/generic/R/3.6.1_gcc620/share/man:/opt/exp_soft/local/generic/openmpi/4.0.0_gcc620/man:/opt/exp_soft/local/generic/gcc/6.2.0/share/man:/opt/exp_soft/local/generic/python/3.7.3/share/man:/opt/glite/share/man::
hdf5_root=/opt/exp_soft/local/generic/hdf5/1.10.4_openmpi-4.0.0_gcc620
SLURMD_NODENAME=e0345
SLURM_TOPOLOGY_ADDR=STop.S71.S26.e0345
SLURM_NTASKS_PER_NODE=28
HOSTNAME=e0345
GLITE_SD_PLUGIN=file,bdii
SLURM_PRIO_PROCESS=0
PLG_GROUPS_STORAGE=/home/plgrid-groups/
SLURM_NODE_ALIASES=(null)
CPLUS_INCLUDE=/opt/exp_soft/local/generic/hdf5/1.10.4_openmpi-4.0.0_gcc620/include:/opt/exp_soft/local/generic/python/3.7.3/include/python3.7m
TERM=vt100
SHELL=/bin/bash
VO_VOCE_DEFAULT_SE=se.reef.man.poznan.pl
GRID_ENV_LOCATION=/usr/libexec
SLURM_JOB_QOS=normal
HISTSIZE=1000
TMPDIR=/tmp
SLURM_TOPOLOGY_ADDR_PATTERN=switch.switch.switch.node
SSH_CLIENT=217.100.208.146 7041 22
LIBRARY_PATH=/opt/exp_soft/local/generic/openmpi/4.0.0_gcc620/lib:/opt/exp_soft/local/generic/hdf5/1.10.4_openmpi-4.0.0_gcc620/lib:/opt/exp_soft/local/generic/libmpc/1.0.1-2.el6/lib64:/opt/exp_soft/local/generic/mpfr/3.1.2-4.el6/lib64:/opt/exp_soft/local/generic/gmp/5.1.3-2.el6/lib64:/opt/exp_soft/local/generic/gcc/6.2.0/lib/gcc/x86_64-unknown-linux-gnu/6.2.0/32/:/opt/exp_soft/local/generic/gcc/6.2.0/lib/gcc/x86_64-unknown-linux-gnu/6.2.0/:/opt/exp_soft/local/generic/gcc/6.2.0/lib64:/opt/exp_soft/local/generic/gcc/6.2.0/lib
VO_OPS_DEFAULT_SE=se.reef.man.poznan.pl
GT_PROXY_MODE=old
DPM_HOST=se.reef.man.poznan.pl
PLG_GROUPS_SHARED=/home/plgrid-groups/
OLDPWD=/home/plgrid/plgwedeling/FabSim3/results/PC_CI_HQ_SD_suppress_campaign3_1_repeat_eagle_vecma_28/RUNS/Run_463
PLG_USER_SCRATCH=/tmp/lustre_shared
QTDIR=/usr/lib64/qt-3.3
QTINC=/usr/lib64/qt-3.3/include
gcc620_root=/opt/exp_soft/local/generic/gcc/6.2.0
GCC_COMPILER_DEFAULTS_PATH=/opt/exp_soft/local/generic/gcc/6.2.0
SSH_TTY=/dev/pts/130
NGROUPS=128
SLURM_NNODES=1
USER=plgwedeling
LD_LIBRARY_PATH=/opt/exp_soft/local/generic/R/3.6.1_gcc620/lib64/R/lib:/opt/exp_soft/local/generic/R/3.6.1_gcc620/apps/lib:/opt/exp_soft/local/generic/openmpi/4.0.0_gcc620/lib:/opt/exp_soft/local/generic/hdf5/1.10.4_openmpi-4.0.0_gcc620/lib:/opt/exp_soft/local/generic/libmpc/1.0.1-2.el6/lib64:/opt/exp_soft/local/generic/mpfr/3.1.2-4.el6/lib64:/opt/exp_soft/local/generic/gmp/5.1.3-2.el6/lib64:/opt/exp_soft/local/generic/gcc/6.2.0/lib/gcc/x86_64-unknown-linux-gnu/6.2.0/32/:/opt/exp_soft/local/generic/gcc/6.2.0/lib/gcc/x86_64-unknown-linux-gnu/6.2.0/:/opt/exp_soft/local/generic/gcc/6.2.0/lib64:/opt/exp_soft/local/generic/gcc/6.2.0/lib:/opt/exp_soft/local/generic/python/3.7.3/lib
LS_COLORS=rs=0:di=01;34:ln=01;36:mh=00:pi=40;33:so=01;35:do=01;35:bd=40;33;01:cd=40;33;01:or=40;31;01:mi=01;05;37;41:su=37;41:sg=30;43:ca=30;41:tw=30;42:ow=34;42:st=37;44:ex=01;32:*.tar=01;31:*.tgz=01;31:*.arj=01;31:*.taz=01;31:*.lzh=01;31:*.lzma=01;31:*.tlz=01;31:*.txz=01;31:*.zip=01;31:*.z=01;31:*.Z=01;31:*.dz=01;31:*.gz=01;31:*.lz=01;31:*.xz=01;31:*.bz2=01;31:*.tbz=01;31:*.tbz2=01;31:*.bz=01;31:*.tz=01;31:*.deb=01;31:*.rpm=01;31:*.jar=01;31:*.rar=01;31:*.ace=01;31:*.zoo=01;31:*.cpio=01;31:*.7z=01;31:*.rz=01;31:*.jpg=01;35:*.jpeg=01;35:*.gif=01;35:*.bmp=01;35:*.pbm=01;35:*.pgm=01;35:*.ppm=01;35:*.tga=01;35:*.xbm=01;35:*.xpm=01;35:*.tif=01;35:*.tiff=01;35:*.png=01;35:*.svg=01;35:*.svgz=01;35:*.mng=01;35:*.pcx=01;35:*.mov=01;35:*.mpg=01;35:*.mpeg=01;35:*.m2v=01;35:*.mkv=01;35:*.ogm=01;35:*.mp4=01;35:*.m4v=01;35:*.mp4v=01;35:*.vob=01;35:*.qt=01;35:*.nuv=01;35:*.wmv=01;35:*.asf=01;35:*.rm=01;35:*.rmvb=01;35:*.flc=01;35:*.avi=01;35:*.fli=01;35:*.flv=01;35:*.gl=01;35:*.dl=01;35:*.xcf=01;35:*.xwd=01;35:*.yuv=01;35:*.cgm=01;35:*.emf=01;35:*.axv=01;35:*.anx=01;35:*.ogv=01;35:*.ogx=01;35:*.aac=01;36:*.au=01;36:*.flac=01;36:*.mid=01;36:*.midi=01;36:*.mka=01;36:*.mp3=01;36:*.mpc=01;36:*.ogg=01;36:*.ra=01;36:*.wav=01;36:*.axa=01;36:*.oga=01;36:*.spx=01;36:*.xspf=01;36:
VO_ENMR_EU_DEFAULT_SE=se.reef.man.poznan.pl
LCG_LOCATION=/usr
SLURM_JOBID=14865548
VO_COMPCHEM_DEFAULT_SE=se.reef.man.poznan.pl
SLURM_NTASKS=28
VO_LHCB_DEFAULT_SE=se.reef.man.poznan.pl
VO_GEANT4_DEFAULT_SE=se.reef.man.poznan.pl
VO_ATLAS_DEFAULT_SE=se.reef.man.poznan.pl
r_root=/opt/exp_soft/local/generic/R/3.6.1_gcc620
SLURM_TASKS_PER_NODE=28
MAIL=/var/spool/mail/plgwedeling
PATH=/opt/exp_soft/local/generic/R/3.6.1_gcc620/apps/bin:/opt/exp_soft/local/generic/R/3.6.1_gcc620/bin:/opt/exp_soft/local/generic/openmpi/4.0.0_gcc620/bin:/opt/exp_soft/local/generic/hdf5/1.10.4_openmpi-4.0.0_gcc620/bin:/opt/exp_soft/local/generic/gcc/6.2.0/bin:/opt/exp_soft/local/generic/python/3.7.3/bin:/usr/lib64/qt-3.3/bin:/bin:/usr/local/bin:/usr/bin:/usr/local/sbin:/usr/sbin:/sbin:/opt/plgrid/bazaarsat/utils/
VO_BIOMED_DEFAULT_SE=se.reef.man.poznan.pl
CPP_INCLUDE=/opt/exp_soft/local/generic/hdf5/1.10.4_openmpi-4.0.0_gcc620/include:/opt/exp_soft/local/generic/python/3.7.3/include/python3.7m
SLURM_WORKING_CLUSTER=eagle:eagle-slurm-2:6808:8448
DPNS_HOST=se.reef.man.poznan.pl
SLURM_JOB_ID=14865548
C_INCLUDE_PATH=/opt/exp_soft/local/generic/openmpi/4.0.0_gcc620/include:/opt/exp_soft/local/generic/hdf5/1.10.4_openmpi-4.0.0_gcc620/include:/opt/exp_soft/local/generic/gcc/6.2.0/include
VO_DTEAM_DEFAULT_SE=se.reef.man.poznan.pl
VO_CMS_DEFAULT_SE=se.reef.man.poznan.pl
SLURM_JOB_USER=plgwedeling
PWD=/home/plgrid/plgwedeling/FabSim3/results/PC_CI_HQ_SD_suppress_campaign3_1_repeat_eagle_vecma_28/RUNS/Run_463
_LMFILES_=/usr/share/Modules/modulefiles/local/generic/gmp/5.1.3:/usr/share/Modules/modulefiles/local/generic/mpfr/3.1.2:/usr/share/Modules/modulefiles/local/generic/libmpc/1.0.1:/usr/share/Modules/modulefiles/local/generic/gcc/6.2.0:/usr/share/Modules/modulefiles/local/generic/openmpi/4.0.0_gcc620:/usr/share/Modules/modulefiles/local/generic/hdf5/1.10.4_openmpi-4.0.0_gcc620:/usr/share/Modules/modulefiles/local/generic/python/3.7.3:/usr/share/Modules/modulefiles/local/generic/r/3.6.1-gcc620
LANG=en_US.UTF-8
MODULEPATH=/usr/share/Modules/modulefiles/plgrid/${ARCH}:/usr/share/Modules/modulefiles/local/${ARCH}
C_INCLUDE=/opt/exp_soft/local/generic/hdf5/1.10.4_openmpi-4.0.0_gcc620/include
SLURM_JOB_UID=111203
LOADEDMODULES=gmp/5.1.3:mpfr/3.1.2:libmpc/1.0.1:gcc/6.2.0:openmpi/4.0.0_gcc620:hdf5/1.10.4_openmpi-4.0.0_gcc620:python/3.7.3:r/3.6.1-gcc620
gmp_root=/opt/exp_soft/local/generic/gmp/5.1.3-2.el6
SLURM_NODEID=0
CPP_INCLUDE_PATH=/opt/exp_soft/local/generic/hdf5/1.10.4_openmpi-4.0.0_gcc620/include:/opt/exp_soft/local/generic/python/3.7.3/include/python3.7m
SLURM_SUBMIT_DIR=/home/plgrid/plgwedeling/FabSim3/results/PC_CI_HQ_SD_suppress_campaign3_1_repeat_eagle_vecma_28/RUNS/Run_463
VO_VO_PLGRID_PL_DEFAULT_SE=se.reef.man.poznan.pl
MYPROXY_SERVER=myproxy.grid.cyfronet.pl
RMPI_TYPE=OPENMPI
SLURM_TASK_PID=7751
SLURM_NPROCS=28
mpfr_root=/opt/exp_soft/local/generic/mpfr/3.1.2-4.el6
SLURM_CPUS_ON_NODE=28
SLURM_PROCID=0
ENVIRONMENT=BATCH
HISTCONTROL=ignoredups
SLURM_JOB_NODELIST=e0345
GLITE_SD_SERVICES_XML=/usr/etc/services.xml
SHLVL=3
HOME=/home/plgrid/plgwedeling
VO_ALICE_DEFAULT_SE=se.reef.man.poznan.pl
GLITE_LOCATION_VAR=/var
SLURM_LOCALID=0
GLOBUS_TCP_PORT_RANGE=20000,25000
X509_USER_PROXY=/tmp/x509up_u111203
SLURM_JOB_GID=55000
SLURM_JOB_CPUS_PER_NODE=28
SLURM_CLUSTER_NAME=eagle
python_root=/opt/exp_soft/local/generic/python/3.7.3
SLURM_GTIDS=0
SLURM_SUBMIT_HOST=eagle
SLURM_JOB_PARTITION=fast
VO_GAUSSIAN_DEFAULT_SE=se.reef.man.poznan.pl
PYTHONPATH=/opt/exp_soft/local/generic/python/3.7.3/lib/python3.7/site-packages
LOGNAME=plgwedeling
LCG_GFAL_INFOSYS=bdii.cyf-kr.edu.pl:2170
CVS_RSH=ssh
QTLIB=/usr/lib64/qt-3.3/lib
SLURM_JOB_ACCOUNT=vecma2020
SSH_CONNECTION=217.100.208.146 7041 150.254.160.193 22
SLURM_JOB_NUM_NODES=1
MODULESHOME=/usr/share/Modules
LESSOPEN=||/usr/bin/lesspipe.sh %s
ARCH=generic
INFOPATH=/opt/exp_soft/local/generic/R/3.6.1_gcc620/apps/share:/opt/exp_soft/local/generic/gcc/6.2.0/share/info:/opt/exp_soft/local/generic/python/3.7.3/share/info
PLG_USER_STORAGE=/home/plgrid/plgwedeling
openmpi_root=/opt/exp_soft/local/generic/openmpi/4.0.0_gcc620
GLITE_LOCATION=/usr
libmpc_root=/opt/exp_soft/local/generic/libmpc/1.0.1-2.el6
INCLUDE=/opt/exp_soft/local/generic/R/3.6.1_gcc620/apps/include:/opt/exp_soft/local/generic/R/3.6.1_gcc620/lib64/R/include/:/opt/exp_soft/local/generic/openmpi/4.0.0_gcc620/include:/opt/exp_soft/local/generic/hdf5/1.10.4_openmpi-4.0.0_gcc620/include:/opt/exp_soft/local/generic/libmpc/1.0.1-2.el6/include:/opt/exp_soft/local/generic/mpfr/3.1.2-4.el6/include:/opt/exp_soft/local/generic/gmp/5.1.3-2.el6/include:/opt/exp_soft/local/generic/gcc/6.2.0/include:/opt/exp_soft/local/generic/python/3.7.3/include/python3.7m
SLURM_MEM_PER_NODE=20480
G_BROKEN_FILENAMES=1
BASH_FUNC_module()=() {  if [[ $(hostname) == +(eagle.man.poznan.pl|ui.inula.man.poznan.pl|eagle) ]]; then
 if [[ $1 == "load" ]]; then
 cat /etc/profile.d/modules_info.txt;
 else
 eval `/usr/bin/modulecmd sh $*`;
 fi;
 else
 eval `/usr/bin/modulecmd sh $*`;
 fi
}
_=/usr/bin/env
